0
2667
79494
45140
45522
70126
59783
3073
79495
69298
67817
59783
79200
79491
79436
79486
45779
60884
45541
60850
4411
4386
434
4338
4285
4255
4211
4199
4190
4010
3896
3785
3752
3691
32386
79430
22881
21592
79052
20138
13279
7173
70676
70312
60984
60974
60969
60923
60916
60901
60899
68364
62734
62687
60807
60716
60715
79438
79491
61204
61161
61148
61140
61063
61004
59611
59541
59472
59377
59374
59348
59342
59340
59333
59265
12326
12239
1130
60695
56961
56959
72552
72551
60891
60880
60879
56902
56898
56886
56876
79429
56957
56943
5007
4998
4951
78497
4388
56950
56929
56890
78436
77350
69753
4068
60865
4805
79195
74820
68559
79432
22887
59731
60847
60845
75847
56825
3826
60704
60789
67926
79200
56827
76914
4626
62500
78439
60785
60759
60752
60730
60729
56819
77346
79491
75508
71719
3681
3566
56815
62154
76214
68668
79056
79491
3978
75166
74575
67496
76578
52819
69138
59719
76206
77915
60770
60756
4275
13013
63075
78324
77142
77917
59364
59165
59153
3939
3789
3770
4748
4738
4712
71773
61245
457
9905
78812
60832
79383
4472
77918
76923
4337
64947
4323
70576
78749
45510
60858
60854
440
4621
79503
450
70981
79102
4064
4919
69904
3973
3854
3851
74314
71040
69693
3740
9705
3670
43885
4353
4172
4153
4076
45502
11050
76627
76202
4409
72383
9471
8124
33938
76723
79196
2036
19372
78696
79435
59920
59920
70178
69586
62640
68270
68114
6545
6542
64229
63958
6365
63623
62833
61239
61846
67927
61155
61120
61105
61078
61011
61009
61005
61000
60980
56794
60962
60924
60922
60920
60918
60915
60914
60908
60890
60883
79491
60873
77412
60818
60806
60792
60788
60786
60782
60763
60712
60709
60705
60703
75155
60685
59550
59502
59481
59458
59356
59350
59344
59337
59336
59269
59263
59261
56947
56936
56934
56923
56909
56900
56879
4962
4879
4822
4818
79491
19826
78759
70374
69848
68506
6812
69639
69300
69245
4810
67807
67156
63904
4
3170
75603
74975
3813
15425
56817
76922
3927
69898
68558
62253
57080
79491
61795
79436
69907
61564
77408
79495
32379
79485
69956
68607
59920
79484
79486
78556
76725
3844
68557
3820
3675
3251
61238
4616
56843
59723
60844
44
4760
60834
449
438
4361
4560
4563
456
45565
4098
447
4271
3852
436
3646
3668
8125
4228
2638
19776
183
17904
16956
56820
71094
4636
4183
10105
79486
3961
45521
3072
79438
67264
68606
69296
66961
66423
63951
62092
61904
61465
61458
67974
61232
61183
61127
61126
61119
61085
60998
60989
60976
60975
60971
60927
60926
60925
60913
60904
60893
60886
60869
60861
60856
60849
60841
60839
60804
60803
60801
60794
60790
60725
60722
60714
60710
60706
60691
60688
60198
59546
59521
59372
4815
62883
62883
3929
79429
69752
56919
79383
68164
67588
56955
70375
16957
14655
13284
56835
77080
76677
76420
69845
77405
77407
56949
56944
57089
77133
76365
3693
56904
17299
56884
56883
56840
56839
71976
59150
462
77281
4764
3756
4601
6366
69243
45504
4821
448
4470
442
4391
453
4274
4276
4677
74812
3646
4081
3981
3982
4599
458
4226
435
4080
9633
3672
8747
263
79103
22885
22776
3748
3724
71094
78811
78751
74877
74161
72141
70912
3783
67309
63952
62497
4040
60997
60988
60982
60919
60881
11503
3893
3860
79429
60863
61252
61197
61049
61003
61001
70076
65919
60830
60821
60968
60954
60805
60796
60784
60728
60726
60718
60711
60693
11202
60690
59357
59352
59266
59260
3819
56958
56935
56926
56910
56907
56906
56891
62641
56885
4816
79542
79541
4615
59447
189
78915
79483
56940
78861
56896
16962
56821
77127
77019
76774
56837
56824
73970
74115
69240
68504
4051
3265
56834
76369
10106
75158
76779
4196
62552
62551
76915
68661
61796
4545
68609
60882
45545
4555
73847
7
69695
4018
3410
3242
61042
4656
69585
69135
4808
79542
4759
64234
79105
77653
56816
437
4492
4490
4476
3992
3895
445
60846
45501
431
3767
4073
4075
3732
69691
79544
78702
3834
3788
19271
4655
4641
15
14924
14653
452
12476
12573
12472
12471
12241
4505
61211
61070
60991
60985
10047
74315
6808
9231
3964
60824
60808
60799
60733
60912
60909
60902
60887
60687
59507
63028
60791
60727
59349
59347
59345
59339
59338
59335
59332
59257
63857
60721
60720
60713
60708
56901
60750
59483
59471
3819
56960
3819
56952
56942
60743
61044
61010
61006
60993
60964
60960
60957
60872
60862
60859
60698
60696
56941
56927
56921
4817
4435
63224
79383
79548
79382
68315
66967
66913
66913
65276
64845
64846
64341
79543
79547
79484
79429
56899
56888
70916
70574
69638
69636
4807
63125
56928
69843
4112
77278
63076
71036
25095
67815
79198
77135
4017
565
77125
68555
68271
3812
3806
3794
79384
56838
18455
77355
77138
72385
68554
52818
78323
77139
77703
79197
61475
4774
4646
4686
78379
77358
4123
61259
68998
68764
60966
46225
60860
4567
4565
4491
4311
60874
4484
59726
4058
3892
3968
3776
459
9544
9543
63857
3761
66967
3698
60833
3076
264
733
71047
3739
22014
64339
63333
4479
4370
617
61196
61190
17905
16815
79485
23337
61002
79436
15792
79543
77076
65822
63329
62737
62452
62147
62091
60876
61175
61141
60981
60977
61134
61112
61077
61071
61056
60740
60739
60734
60724
60717
60700
60699
60972
60959
60958
60857
60843
67103
10723
10721
10532
60897
60895
60885
59360
59343
59331
79543
59532
73831
9707
9756
60819
60809
59513
59456
56954
56953
56951
60778
60762
60745
56937
56933
79491
79429
79543
79542
56908
56880
79382
71094
79543
4930
4811
79493
4809
4806
76214
4217
78761
56912
56913
56889
79542
11203
1486
69900
4813
79543
61901
79548
69903
79496
4159
79543
79486
63671
59920
78376
76628
61899
78551
78551
63856
59383
79055
357
56836
79548
79548
59727
4913
74113
58627
78806
74460
74114
3646
59721
59075
69048
69047
78499
79542
79053
78502
72386
79543
4597
59122
79431
79381
77291
78863
77515
4848
61106
4710
4660
461
60870
79486
66763
3697
3576
59920
70769
443
4380
3856
3848
3790
3729
79543
7172
71670
79542
79485
32378
79436
79437
68165
76624
4320
21590
1304
77414
2038
78859
3901
3756
6810
67922
79486
67403
4358
43385
63120
1302
77024
79382
10194
7324
61260
3994
65828
65825
65127
64231
63764
16814
60978
3750
60917
60911
60888
61169
61133
61225
61224
61218
60828
60825
60823
60822
79051
60995
60996
60992
60812
60783
60742
60970
60965
60963
79544
60910
60900
59608
59499
59474
59341
59262
59256
79514
61850
60838
60815
60814
56966
56932
60701
60697
60689
4804
56905
56903
72566
79490
79491
79543
79382
59920
79491
62640
62640
79429
79485
79545
79546
56930
56915
56894
79547
71562
70378
69847
69696
4814
67869
67494
62498
70014
79543
79382
23575
62001
79382
56842
70982
4061
67310
2938
79542
79545
3645
3810
79543
71826
71667
